<?xml version="1.0" encoding="UTF-8"?>
<testng-results ignored="0" total="2" passed="2" failed="0" skipped="0">
  <reporter-output>
  </reporter-output>
  <suite started-at="2024-10-13T14:07:59 IST" name="CrossFunctionalTesting" finished-at="2024-10-13T14:08:26 IST" duration-ms="27214">
    <groups>
    </groups>
    <test started-at="2024-10-13T14:07:59 IST" name="chrome" finished-at="2024-10-13T14:08:10 IST" duration-ms="10527">
      <class name="test_Cases.TC_HRM001">
        <test-method is-config="true" signature="setup(java.lang.String)[pri:0, instance:test_Cases.TC_HRM001@c0c2f8d]" started-at="2024-10-13T14:07:59 IST" name="setup" finished-at="2024-10-13T14:08:00 IST" duration-ms="1433" status="PASS">
          <params>
            <param index="0">
              <value>
                <![CDATA[chrome]]>
              </value>
            </param>
          </params>
          <reporter-output>
          </reporter-output>
        </test-method> <!-- setup -->
        <test-method signature="login()[pri:0, instance:test_Cases.TC_HRM001@c0c2f8d]" started-at="2024-10-13T14:08:00 IST" name="login" finished-at="2024-10-13T14:08:09 IST" duration-ms="8876" status="PASS">
          <reporter-output>
          </reporter-output>
        </test-method> <!-- login -->
        <test-method is-config="true" signature="tearDown()[pri:0, instance:test_Cases.TC_HRM001@c0c2f8d]" started-at="2024-10-13T14:08:09 IST" name="tearDown" finished-at="2024-10-13T14:08:10 IST" duration-ms="179" status="PASS">
          <reporter-output>
          </reporter-output>
        </test-method> <!-- tearDown -->
      </class> <!-- test_Cases.TC_HRM001 -->
    </test> <!-- chrome -->
    <test started-at="2024-10-13T14:08:10 IST" name="firefox" finished-at="2024-10-13T14:08:26 IST" duration-ms="16575">
      <class name="test_Cases.TC_HRM001">
        <test-method is-config="true" signature="setup(java.lang.String)[pri:0, instance:test_Cases.TC_HRM001@28975c28]" started-at="2024-10-13T14:08:10 IST" name="setup" finished-at="2024-10-13T14:08:18 IST" duration-ms="7845" status="PASS">
          <params>
            <param index="0">
              <value>
                <![CDATA[firefox]]>
              </value>
            </param>
          </params>
          <reporter-output>
          </reporter-output>
        </test-method> <!-- setup -->
        <test-method signature="login()[pri:0, instance:test_Cases.TC_HRM001@28975c28]" started-at="2024-10-13T14:08:18 IST" name="login" finished-at="2024-10-13T14:08:26 IST" duration-ms="8046" status="PASS">
          <reporter-output>
          </reporter-output>
        </test-method> <!-- login -->
        <test-method is-config="true" signature="tearDown()[pri:0, instance:test_Cases.TC_HRM001@28975c28]" started-at="2024-10-13T14:08:26 IST" name="tearDown" finished-at="2024-10-13T14:08:26 IST" duration-ms="681" status="PASS">
          <reporter-output>
          </reporter-output>
        </test-method> <!-- tearDown -->
      </class> <!-- test_Cases.TC_HRM001 -->
    </test> <!-- firefox -->
  </suite> <!-- CrossFunctionalTesting -->
</testng-results>
