<?xml version="1.0" encoding="UTF-8"?>
<testng-results ignored="0" total="1" passed="1" failed="0" skipped="0">
  <reporter-output>
  </reporter-output>
  <suite started-at="2024-10-13T18:42:51 IST" name="CrossFunctionalTesting" finished-at="2024-10-13T18:43:03 IST" duration-ms="11621">
    <groups>
    </groups>
    <test started-at="2024-10-13T18:42:51 IST" name="chrome" finished-at="2024-10-13T18:43:03 IST" duration-ms="11621">
      <class name="test_Cases.Leave.LeaveList_TC_HRM001">
        <test-method is-config="true" signature="setup(java.lang.String)[pri:0, instance:test_Cases.Leave.LeaveList_TC_HRM001@6f4a47c7]" started-at="2024-10-13T18:42:51 IST" name="setup" finished-at="2024-10-13T18:42:53 IST" duration-ms="1382" status="PASS">
          <params>
            <param index="0">
              <value>
                <![CDATA[chrome]]>
              </value>
            </param>
          </params>
          <reporter-output>
          </reporter-output>
        </test-method> <!-- setup -->
        <test-method signature="testLeaveListPageWithNoRecords()[pri:0, instance:test_Cases.Leave.LeaveList_TC_HRM001@6f4a47c7]" started-at="2024-10-13T18:42:53 IST" name="testLeaveListPageWithNoRecords" description="verify that leave list page loads successfully with no records" finished-at="2024-10-13T18:43:03 IST" duration-ms="10196" status="PASS">
          <reporter-output>
          </reporter-output>
        </test-method> <!-- testLeaveListPageWithNoRecords -->
      </class> <!-- test_Cases.Leave.LeaveList_TC_HRM001 -->
    </test> <!-- chrome -->
  </suite> <!-- CrossFunctionalTesting -->
</testng-results>
