<?xml version="1.0" encoding="UTF-8"?>
<!-- Generated by org.testng.reporters.JUnitXMLReporter -->
<testsuite ignored="1" hostname="LAPTOP-4C1CTOAL" failures="0" tests="1" name="chrome" time="23.2" errors="0" timestamp="2024-10-21T15:29:33 IST">
  <testcase classname="test_Cases.Leave.LeaveListTest" name="testLeaveListPageWithRecords" time="19.034"/>
  <testcase classname="test_Cases.Leave.LeaveListTest" name="testLeaveListPageWithNoRecords" time="0.0">
    <ignored/>
  </testcase> <!-- testLeaveListPageWithNoRecords -->
</testsuite> <!-- chrome -->
